

Microchip Technology PIC LITE Macro Assembler V1.44 build -154322312 
                                                                                               Sun Dec 17 19:11:19 2017

Microchip Technology Omniscient Code Generator v1.44 (Free mode) build 201709140600
     1                           	processor	16F1827
     2                           	opt	pw 120
     3                           	opt	lm
     4                           	psect	cinit,global,class=CODE,merge=1,delta=2
     5                           	psect	bssBANK0,global,class=BANK0,space=1,delta=1
     6                           	psect	cstackCOMMON,global,class=COMMON,space=1,delta=1
     7                           	psect	cstackBANK0,global,class=BANK0,space=1,delta=1
     8                           	psect	maintext,global,class=CODE,merge=1,split=1,delta=2
     9                           	psect	text1,local,class=CODE,merge=1,delta=2
    10                           	psect	text2,local,class=CODE,merge=1,delta=2
    11                           	psect	swtext1,local,class=CONST,delta=2
    12                           	psect	text3,local,class=CODE,merge=1,delta=2,group=2
    13                           	psect	text4,local,class=CODE,merge=1,delta=2
    14                           	psect	text5,local,class=CODE,merge=1,delta=2
    15                           	psect	text6,local,class=CODE,merge=1,delta=2
    16                           	psect	text7,local,class=CODE,merge=1,delta=2
    17                           	dabs	1,0x7E,2
    18  0000                     
    19                           ; Version 1.44
    20                           ; Generated 14/09/2017 GMT
    21                           ; 
    22                           ; Copyright © 2017, Microchip Technology Inc. and its subsidiaries ("Microchip")
    23                           ; All rights reserved.
    24                           ; 
    25                           ; This software is developed by Microchip Technology Inc. and its subsidiaries ("Microch
      +                          ip").
    26                           ; 
    27                           ; Redistribution and use in source and binary forms, with or without modification, are
    28                           ; permitted provided that the following conditions are met:
    29                           ; 
    30                           ;     1. Redistributions of source code must retain the above copyright notice, this lis
      +                          t of
    31                           ;        conditions and the following disclaimer.
    32                           ; 
    33                           ;     2. Redistributions in binary form must reproduce the above copyright notice, this 
      +                          list
    34                           ;        of conditions and the following disclaimer in the documentation and/or other
    35                           ;        materials provided with the distribution.
    36                           ; 
    37                           ;     3. Microchip's name may not be used to endorse or promote products derived from th
      +                          is
    38                           ;        software without specific prior written permission.
    39                           ; 
    40                           ; THIS SOFTWARE IS PROVIDED BY MICROCHIP "AS IS" AND ANY EXPRESS OR IMPLIED WARRANTIES,
    41                           ; INCLUDING, BUT NOT LIMITED TO, THE IMPLIED WARRANTIES OF MERCHANTABILITY AND FITNESS F
      +                          OR
    42                           ; PURPOSE ARE DISCLAIMED.  IN NO EVENT SHALL MICROCHIP BE LIABLE FOR ANY DIRECT, INDIREC
      +                          T,
    43                           ; INCIDENTAL, SPECIAL, EXEMPLARY, OR CONSEQUENTIAL DAMAGES (INCLUDING BUT NOT LIMITED TO
    44                           ; PROCUREMENT OF SUBSTITUTE GOODS OR SERVICES; LOSS OF USE, DATA OR PROFITS; OR BUSINESS
    45                           ; INTERRUPTION) HOWSOEVER CAUSED AND ON ANY THEORY OF LIABILITY, WHETHER IN CONTRACT, ST
      +                          RICT
    46                           ; LIABILITY, OR TORT (INCLUDING NEGLIGENCE OR OTHERWISE) ARISING IN ANY WAY OUT OF THE U
      +                          SE OF
    47                           ; THIS SOFTWARE, EVEN IF ADVISED OF THE POSSIBILITY OF SUCH DAMAGE.
    48                           ; 
    49                           ; 
    50                           ; Code-generator required, PIC16F1827 Definitions
    51                           ; 
    52                           ; SFR Addresses
    53  0000                     	;# 
    54  0001                     	;# 
    55  0002                     	;# 
    56  0003                     	;# 
    57  0004                     	;# 
    58  0005                     	;# 
    59  0006                     	;# 
    60  0007                     	;# 
    61  0008                     	;# 
    62  0009                     	;# 
    63  000A                     	;# 
    64  000B                     	;# 
    65  000C                     	;# 
    66  000D                     	;# 
    67  0011                     	;# 
    68  0012                     	;# 
    69  0013                     	;# 
    70  0014                     	;# 
    71  0015                     	;# 
    72  0016                     	;# 
    73  0016                     	;# 
    74  0017                     	;# 
    75  0018                     	;# 
    76  0019                     	;# 
    77  001A                     	;# 
    78  001B                     	;# 
    79  001C                     	;# 
    80  001E                     	;# 
    81  001F                     	;# 
    82  008C                     	;# 
    83  008D                     	;# 
    84  0091                     	;# 
    85  0092                     	;# 
    86  0093                     	;# 
    87  0094                     	;# 
    88  0095                     	;# 
    89  0096                     	;# 
    90  0097                     	;# 
    91  0098                     	;# 
    92  0099                     	;# 
    93  009A                     	;# 
    94  009B                     	;# 
    95  009B                     	;# 
    96  009C                     	;# 
    97  009D                     	;# 
    98  009E                     	;# 
    99  010C                     	;# 
   100  010D                     	;# 
   101  0111                     	;# 
   102  0112                     	;# 
   103  0113                     	;# 
   104  0114                     	;# 
   105  0115                     	;# 
   106  0116                     	;# 
   107  0117                     	;# 
   108  0118                     	;# 
   109  0119                     	;# 
   110  011A                     	;# 
   111  011B                     	;# 
   112  011D                     	;# 
   113  011E                     	;# 
   114  018C                     	;# 
   115  018D                     	;# 
   116  0191                     	;# 
   117  0191                     	;# 
   118  0192                     	;# 
   119  0193                     	;# 
   120  0193                     	;# 
   121  0193                     	;# 
   122  0194                     	;# 
   123  0195                     	;# 
   124  0196                     	;# 
   125  0199                     	;# 
   126  019A                     	;# 
   127  019B                     	;# 
   128  019B                     	;# 
   129  019B                     	;# 
   130  019B                     	;# 
   131  019C                     	;# 
   132  019C                     	;# 
   133  019D                     	;# 
   134  019E                     	;# 
   135  019F                     	;# 
   136  020C                     	;# 
   137  020D                     	;# 
   138  0211                     	;# 
   139  0211                     	;# 
   140  0212                     	;# 
   141  0212                     	;# 
   142  0213                     	;# 
   143  0213                     	;# 
   144  0214                     	;# 
   145  0214                     	;# 
   146  0215                     	;# 
   147  0215                     	;# 
   148  0215                     	;# 
   149  0216                     	;# 
   150  0216                     	;# 
   151  0217                     	;# 
   152  0217                     	;# 
   153  0219                     	;# 
   154  021A                     	;# 
   155  021B                     	;# 
   156  021C                     	;# 
   157  021D                     	;# 
   158  021E                     	;# 
   159  021F                     	;# 
   160  0291                     	;# 
   161  0291                     	;# 
   162  0292                     	;# 
   163  0293                     	;# 
   164  0294                     	;# 
   165  0295                     	;# 
   166  0295                     	;# 
   167  0296                     	;# 
   168  0298                     	;# 
   169  0298                     	;# 
   170  0299                     	;# 
   171  029A                     	;# 
   172  029B                     	;# 
   173  029C                     	;# 
   174  029C                     	;# 
   175  029D                     	;# 
   176  029E                     	;# 
   177  029E                     	;# 
   178  0311                     	;# 
   179  0311                     	;# 
   180  0312                     	;# 
   181  0313                     	;# 
   182  0318                     	;# 
   183  0318                     	;# 
   184  0319                     	;# 
   185  031A                     	;# 
   186  0394                     	;# 
   187  0395                     	;# 
   188  0396                     	;# 
   189  039A                     	;# 
   190  039C                     	;# 
   191  039D                     	;# 
   192  039E                     	;# 
   193  039F                     	;# 
   194  0415                     	;# 
   195  0416                     	;# 
   196  0417                     	;# 
   197  041C                     	;# 
   198  041D                     	;# 
   199  041E                     	;# 
   200  0FE4                     	;# 
   201  0FE5                     	;# 
   202  0FE6                     	;# 
   203  0FE7                     	;# 
   204  0FE8                     	;# 
   205  0FE9                     	;# 
   206  0FEA                     	;# 
   207  0FEB                     	;# 
   208  0FED                     	;# 
   209  0FEE                     	;# 
   210  0FEF                     	;# 
   211  0000                     	;# 
   212  0001                     	;# 
   213  0002                     	;# 
   214  0003                     	;# 
   215  0004                     	;# 
   216  0005                     	;# 
   217  0006                     	;# 
   218  0007                     	;# 
   219  0008                     	;# 
   220  0009                     	;# 
   221  000A                     	;# 
   222  000B                     	;# 
   223  000C                     	;# 
   224  000D                     	;# 
   225  0011                     	;# 
   226  0012                     	;# 
   227  0013                     	;# 
   228  0014                     	;# 
   229  0015                     	;# 
   230  0016                     	;# 
   231  0016                     	;# 
   232  0017                     	;# 
   233  0018                     	;# 
   234  0019                     	;# 
   235  001A                     	;# 
   236  001B                     	;# 
   237  001C                     	;# 
   238  001E                     	;# 
   239  001F                     	;# 
   240  008C                     	;# 
   241  008D                     	;# 
   242  0091                     	;# 
   243  0092                     	;# 
   244  0093                     	;# 
   245  0094                     	;# 
   246  0095                     	;# 
   247  0096                     	;# 
   248  0097                     	;# 
   249  0098                     	;# 
   250  0099                     	;# 
   251  009A                     	;# 
   252  009B                     	;# 
   253  009B                     	;# 
   254  009C                     	;# 
   255  009D                     	;# 
   256  009E                     	;# 
   257  010C                     	;# 
   258  010D                     	;# 
   259  0111                     	;# 
   260  0112                     	;# 
   261  0113                     	;# 
   262  0114                     	;# 
   263  0115                     	;# 
   264  0116                     	;# 
   265  0117                     	;# 
   266  0118                     	;# 
   267  0119                     	;# 
   268  011A                     	;# 
   269  011B                     	;# 
   270  011D                     	;# 
   271  011E                     	;# 
   272  018C                     	;# 
   273  018D                     	;# 
   274  0191                     	;# 
   275  0191                     	;# 
   276  0192                     	;# 
   277  0193                     	;# 
   278  0193                     	;# 
   279  0193                     	;# 
   280  0194                     	;# 
   281  0195                     	;# 
   282  0196                     	;# 
   283  0199                     	;# 
   284  019A                     	;# 
   285  019B                     	;# 
   286  019B                     	;# 
   287  019B                     	;# 
   288  019B                     	;# 
   289  019C                     	;# 
   290  019C                     	;# 
   291  019D                     	;# 
   292  019E                     	;# 
   293  019F                     	;# 
   294  020C                     	;# 
   295  020D                     	;# 
   296  0211                     	;# 
   297  0211                     	;# 
   298  0212                     	;# 
   299  0212                     	;# 
   300  0213                     	;# 
   301  0213                     	;# 
   302  0214                     	;# 
   303  0214                     	;# 
   304  0215                     	;# 
   305  0215                     	;# 
   306  0215                     	;# 
   307  0216                     	;# 
   308  0216                     	;# 
   309  0217                     	;# 
   310  0217                     	;# 
   311  0219                     	;# 
   312  021A                     	;# 
   313  021B                     	;# 
   314  021C                     	;# 
   315  021D                     	;# 
   316  021E                     	;# 
   317  021F                     	;# 
   318  0291                     	;# 
   319  0291                     	;# 
   320  0292                     	;# 
   321  0293                     	;# 
   322  0294                     	;# 
   323  0295                     	;# 
   324  0295                     	;# 
   325  0296                     	;# 
   326  0298                     	;# 
   327  0298                     	;# 
   328  0299                     	;# 
   329  029A                     	;# 
   330  029B                     	;# 
   331  029C                     	;# 
   332  029C                     	;# 
   333  029D                     	;# 
   334  029E                     	;# 
   335  029E                     	;# 
   336  0311                     	;# 
   337  0311                     	;# 
   338  0312                     	;# 
   339  0313                     	;# 
   340  0318                     	;# 
   341  0318                     	;# 
   342  0319                     	;# 
   343  031A                     	;# 
   344  0394                     	;# 
   345  0395                     	;# 
   346  0396                     	;# 
   347  039A                     	;# 
   348  039C                     	;# 
   349  039D                     	;# 
   350  039E                     	;# 
   351  039F                     	;# 
   352  0415                     	;# 
   353  0416                     	;# 
   354  0417                     	;# 
   355  041C                     	;# 
   356  041D                     	;# 
   357  041E                     	;# 
   358  0FE4                     	;# 
   359  0FE5                     	;# 
   360  0FE6                     	;# 
   361  0FE7                     	;# 
   362  0FE8                     	;# 
   363  0FE9                     	;# 
   364  0FEA                     	;# 
   365  0FEB                     	;# 
   366  0FED                     	;# 
   367  0FEE                     	;# 
   368  0FEF                     	;# 
   369  0000                     	;# 
   370  0001                     	;# 
   371  0002                     	;# 
   372  0003                     	;# 
   373  0004                     	;# 
   374  0005                     	;# 
   375  0006                     	;# 
   376  0007                     	;# 
   377  0008                     	;# 
   378  0009                     	;# 
   379  000A                     	;# 
   380  000B                     	;# 
   381  000C                     	;# 
   382  000D                     	;# 
   383  0011                     	;# 
   384  0012                     	;# 
   385  0013                     	;# 
   386  0014                     	;# 
   387  0015                     	;# 
   388  0016                     	;# 
   389  0016                     	;# 
   390  0017                     	;# 
   391  0018                     	;# 
   392  0019                     	;# 
   393  001A                     	;# 
   394  001B                     	;# 
   395  001C                     	;# 
   396  001E                     	;# 
   397  001F                     	;# 
   398  008C                     	;# 
   399  008D                     	;# 
   400  0091                     	;# 
   401  0092                     	;# 
   402  0093                     	;# 
   403  0094                     	;# 
   404  0095                     	;# 
   405  0096                     	;# 
   406  0097                     	;# 
   407  0098                     	;# 
   408  0099                     	;# 
   409  009A                     	;# 
   410  009B                     	;# 
   411  009B                     	;# 
   412  009C                     	;# 
   413  009D                     	;# 
   414  009E                     	;# 
   415  010C                     	;# 
   416  010D                     	;# 
   417  0111                     	;# 
   418  0112                     	;# 
   419  0113                     	;# 
   420  0114                     	;# 
   421  0115                     	;# 
   422  0116                     	;# 
   423  0117                     	;# 
   424  0118                     	;# 
   425  0119                     	;# 
   426  011A                     	;# 
   427  011B                     	;# 
   428  011D                     	;# 
   429  011E                     	;# 
   430  018C                     	;# 
   431  018D                     	;# 
   432  0191                     	;# 
   433  0191                     	;# 
   434  0192                     	;# 
   435  0193                     	;# 
   436  0193                     	;# 
   437  0193                     	;# 
   438  0194                     	;# 
   439  0195                     	;# 
   440  0196                     	;# 
   441  0199                     	;# 
   442  019A                     	;# 
   443  019B                     	;# 
   444  019B                     	;# 
   445  019B                     	;# 
   446  019B                     	;# 
   447  019C                     	;# 
   448  019C                     	;# 
   449  019D                     	;# 
   450  019E                     	;# 
   451  019F                     	;# 
   452  020C                     	;# 
   453  020D                     	;# 
   454  0211                     	;# 
   455  0211                     	;# 
   456  0212                     	;# 
   457  0212                     	;# 
   458  0213                     	;# 
   459  0213                     	;# 
   460  0214                     	;# 
   461  0214                     	;# 
   462  0215                     	;# 
   463  0215                     	;# 
   464  0215                     	;# 
   465  0216                     	;# 
   466  0216                     	;# 
   467  0217                     	;# 
   468  0217                     	;# 
   469  0219                     	;# 
   470  021A                     	;# 
   471  021B                     	;# 
   472  021C                     	;# 
   473  021D                     	;# 
   474  021E                     	;# 
   475  021F                     	;# 
   476  0291                     	;# 
   477  0291                     	;# 
   478  0292                     	;# 
   479  0293                     	;# 
   480  0294                     	;# 
   481  0295                     	;# 
   482  0295                     	;# 
   483  0296                     	;# 
   484  0298                     	;# 
   485  0298                     	;# 
   486  0299                     	;# 
   487  029A                     	;# 
   488  029B                     	;# 
   489  029C                     	;# 
   490  029C                     	;# 
   491  029D                     	;# 
   492  029E                     	;# 
   493  029E                     	;# 
   494  0311                     	;# 
   495  0311                     	;# 
   496  0312                     	;# 
   497  0313                     	;# 
   498  0318                     	;# 
   499  0318                     	;# 
   500  0319                     	;# 
   501  031A                     	;# 
   502  0394                     	;# 
   503  0395                     	;# 
   504  0396                     	;# 
   505  039A                     	;# 
   506  039C                     	;# 
   507  039D                     	;# 
   508  039E                     	;# 
   509  039F                     	;# 
   510  0415                     	;# 
   511  0416                     	;# 
   512  0417                     	;# 
   513  041C                     	;# 
   514  041D                     	;# 
   515  041E                     	;# 
   516  0FE4                     	;# 
   517  0FE5                     	;# 
   518  0FE6                     	;# 
   519  0FE7                     	;# 
   520  0FE8                     	;# 
   521  0FE9                     	;# 
   522  0FEA                     	;# 
   523  0FEB                     	;# 
   524  0FED                     	;# 
   525  0FEE                     	;# 
   526  0FEF                     	;# 
   527  0000                     	;# 
   528  0001                     	;# 
   529  0002                     	;# 
   530  0003                     	;# 
   531  0004                     	;# 
   532  0005                     	;# 
   533  0006                     	;# 
   534  0007                     	;# 
   535  0008                     	;# 
   536  0009                     	;# 
   537  000A                     	;# 
   538  000B                     	;# 
   539  000C                     	;# 
   540  000D                     	;# 
   541  0011                     	;# 
   542  0012                     	;# 
   543  0013                     	;# 
   544  0014                     	;# 
   545  0015                     	;# 
   546  0016                     	;# 
   547  0016                     	;# 
   548  0017                     	;# 
   549  0018                     	;# 
   550  0019                     	;# 
   551  001A                     	;# 
   552  001B                     	;# 
   553  001C                     	;# 
   554  001E                     	;# 
   555  001F                     	;# 
   556  008C                     	;# 
   557  008D                     	;# 
   558  0091                     	;# 
   559  0092                     	;# 
   560  0093                     	;# 
   561  0094                     	;# 
   562  0095                     	;# 
   563  0096                     	;# 
   564  0097                     	;# 
   565  0098                     	;# 
   566  0099                     	;# 
   567  009A                     	;# 
   568  009B                     	;# 
   569  009B                     	;# 
   570  009C                     	;# 
   571  009D                     	;# 
   572  009E                     	;# 
   573  010C                     	;# 
   574  010D                     	;# 
   575  0111                     	;# 
   576  0112                     	;# 
   577  0113                     	;# 
   578  0114                     	;# 
   579  0115                     	;# 
   580  0116                     	;# 
   581  0117                     	;# 
   582  0118                     	;# 
   583  0119                     	;# 
   584  011A                     	;# 
   585  011B                     	;# 
   586  011D                     	;# 
   587  011E                     	;# 
   588  018C                     	;# 
   589  018D                     	;# 
   590  0191                     	;# 
   591  0191                     	;# 
   592  0192                     	;# 
   593  0193                     	;# 
   594  0193                     	;# 
   595  0193                     	;# 
   596  0194                     	;# 
   597  0195                     	;# 
   598  0196                     	;# 
   599  0199                     	;# 
   600  019A                     	;# 
   601  019B                     	;# 
   602  019B                     	;# 
   603  019B                     	;# 
   604  019B                     	;# 
   605  019C                     	;# 
   606  019C                     	;# 
   607  019D                     	;# 
   608  019E                     	;# 
   609  019F                     	;# 
   610  020C                     	;# 
   611  020D                     	;# 
   612  0211                     	;# 
   613  0211                     	;# 
   614  0212                     	;# 
   615  0212                     	;# 
   616  0213                     	;# 
   617  0213                     	;# 
   618  0214                     	;# 
   619  0214                     	;# 
   620  0215                     	;# 
   621  0215                     	;# 
   622  0215                     	;# 
   623  0216                     	;# 
   624  0216                     	;# 
   625  0217                     	;# 
   626  0217                     	;# 
   627  0219                     	;# 
   628  021A                     	;# 
   629  021B                     	;# 
   630  021C                     	;# 
   631  021D                     	;# 
   632  021E                     	;# 
   633  021F                     	;# 
   634  0291                     	;# 
   635  0291                     	;# 
   636  0292                     	;# 
   637  0293                     	;# 
   638  0294                     	;# 
   639  0295                     	;# 
   640  0295                     	;# 
   641  0296                     	;# 
   642  0298                     	;# 
   643  0298                     	;# 
   644  0299                     	;# 
   645  029A                     	;# 
   646  029B                     	;# 
   647  029C                     	;# 
   648  029C                     	;# 
   649  029D                     	;# 
   650  029E                     	;# 
   651  029E                     	;# 
   652  0311                     	;# 
   653  0311                     	;# 
   654  0312                     	;# 
   655  0313                     	;# 
   656  0318                     	;# 
   657  0318                     	;# 
   658  0319                     	;# 
   659  031A                     	;# 
   660  0394                     	;# 
   661  0395                     	;# 
   662  0396                     	;# 
   663  039A                     	;# 
   664  039C                     	;# 
   665  039D                     	;# 
   666  039E                     	;# 
   667  039F                     	;# 
   668  0415                     	;# 
   669  0416                     	;# 
   670  0417                     	;# 
   671  041C                     	;# 
   672  041D                     	;# 
   673  041E                     	;# 
   674  0FE4                     	;# 
   675  0FE5                     	;# 
   676  0FE6                     	;# 
   677  0FE7                     	;# 
   678  0FE8                     	;# 
   679  0FE9                     	;# 
   680  0FEA                     	;# 
   681  0FEB                     	;# 
   682  0FED                     	;# 
   683  0FEE                     	;# 
   684  0FEF                     	;# 
   685  0097                     _WDTCON	set	151
   686  0098                     _OSCTUNE	set	152
   687  0099                     _OSCCON	set	153
   688  0095                     _OPTION_REGbits	set	149
   689  008D                     _TRISB	set	141
   690  008C                     _TRISA	set	140
   691  04D6                     _PLLR	set	1238
   692  011D                     _APFCON0	set	285
   693  011E                     _APFCON1	set	286
   694  010D                     _LATB	set	269
   695  010C                     _LATA	set	268
   696  086B                     _LATB3	set	2155
   697  086A                     _LATB2	set	2154
   698  0869                     _LATB1	set	2153
   699  0868                     _LATB0	set	2152
   700  018C                     _ANSELA	set	396
   701  018D                     _ANSELB	set	397
   702  020C                     _WPUA	set	524
   703  020D                     _WPUB	set	525
   704                           
   705                           ; #config settings
   706  0000                     
   707                           	psect	cinit
   708  07FB                     start_initialization:	
   709  07FB                     __initialization:	
   710                           
   711                           ; Clear objects allocated to BANK0
   712  07FB  0020               	movlb	0	; select bank0
   713  07FC  01AD               	clrf	__pbssBANK0& (0+127)
   714  07FD                     end_of_initialization:	
   715                           ;End of C runtime variable initialization code
   716                           
   717  07FD                     __end_of__initialization:	
   718  07FD  0020               	movlb	0
   719  07FE  3187  2F2E         	ljmp	_main	;jump to C main() function
   720                           
   721                           	psect	bssBANK0
   722  002D                     __pbssBANK0:	
   723  002D                     _adim:	
   724  002D                     	ds	1
   725                           
   726                           	psect	cstackCOMMON
   727  0070                     __pcstackCOMMON:	
   728  0070                     ?_OSCILLATOR_Initialize:	
   729  0070                     ??_OSCILLATOR_Initialize:	
   730                           ; 1 bytes @ 0x0
   731                           
   732  0070                     ?_WDT_Initialize:	
   733                           ; 1 bytes @ 0x0
   734                           
   735  0070                     ??_WDT_Initialize:	
   736                           ; 1 bytes @ 0x0
   737                           
   738  0070                     ?_adimMotor:	
   739                           ; 1 bytes @ 0x0
   740                           
   741  0070                     ?_PIN_MANAGER_Initialize:	
   742                           ; 1 bytes @ 0x0
   743                           
   744  0070                     ??_PIN_MANAGER_Initialize:	
   745                           ; 1 bytes @ 0x0
   746                           
   747  0070                     ?_SYSTEM_Initialize:	
   748                           ; 1 bytes @ 0x0
   749                           
   750  0070                     ??_SYSTEM_Initialize:	
   751                           ; 1 bytes @ 0x0
   752                           
   753  0070                     ?_main:	
   754                           ; 1 bytes @ 0x0
   755                           
   756  0070                     ?___lldiv:	
   757                           ; 1 bytes @ 0x0
   758                           
   759  0070                     adimMotor@adimSayisi:	
   760                           ; 4 bytes @ 0x0
   761                           
   762  0070                     ___lldiv@divisor:	
   763                           ; 2 bytes @ 0x0
   764                           
   765                           
   766                           ; 4 bytes @ 0x0
   767  0070                     	ds	2
   768  0072                     adimMotor@adimYonu:	
   769                           
   770                           ; 1 bytes @ 0x2
   771  0072                     	ds	1
   772  0073                     adimMotor@adimHizi:	
   773                           
   774                           ; 2 bytes @ 0x3
   775  0073                     	ds	1
   776  0074                     ___lldiv@dividend:	
   777                           
   778                           ; 4 bytes @ 0x4
   779  0074                     	ds	1
   780  0075                     ??_adimMotor:	
   781                           
   782                           ; 1 bytes @ 0x5
   783  0075                     	ds	1
   784  0076                     adimMotor@i:	
   785                           
   786                           ; 2 bytes @ 0x6
   787  0076                     	ds	2
   788  0078                     ??___lldiv:	
   789  0078                     adimMotor@j:	
   790                           ; 1 bytes @ 0x8
   791                           
   792                           
   793                           ; 2 bytes @ 0x8
   794  0078                     	ds	1
   795  0079                     ___lldiv@quotient:	
   796                           
   797                           ; 4 bytes @ 0x9
   798  0079                     	ds	4
   799  007D                     ___lldiv@counter:	
   800                           
   801                           ; 1 bytes @ 0xD
   802  007D                     	ds	1
   803                           
   804                           	psect	cstackBANK0
   805  0020                     __pcstackBANK0:	
   806  0020                     ?_adimMotorDerece:	
   807  0020                     adimMotorDerece@adimDerece:	
   808                           ; 1 bytes @ 0x0
   809                           
   810                           
   811                           ; 2 bytes @ 0x0
   812  0020                     	ds	2
   813  0022                     adimMotorDerece@adimYonu:	
   814                           
   815                           ; 1 bytes @ 0x2
   816  0022                     	ds	1
   817  0023                     adimMotorDerece@adimHizi:	
   818                           
   819                           ; 2 bytes @ 0x3
   820  0023                     	ds	2
   821  0025                     ??_adimMotorDerece:	
   822                           
   823                           ; 1 bytes @ 0x5
   824  0025                     	ds	4
   825  0029                     adimMotorDerece@adimSayisiSonuc:	
   826                           
   827                           ; 2 bytes @ 0x9
   828  0029                     	ds	2
   829  002B                     ??_main:	
   830                           
   831                           ; 1 bytes @ 0xB
   832  002B                     	ds	2
   833                           
   834                           	psect	maintext
   835  072E                     __pmaintext:	
   836 ;;
   837 ;;Main: autosize = 0, tempsize = 2, incstack = 0, save=0
   838 ;;
   839 ;; *************** function _main *****************
   840 ;; Defined at:
   841 ;;		line 52 in file "main.c"
   842 ;; Parameters:    Size  Location     Type
   843 ;;		None
   844 ;; Auto vars:     Size  Location     Type
   845 ;;		None
   846 ;; Return value:  Size  Location     Type
   847 ;;                  1    wreg      void 
   848 ;; Registers used:
   849 ;;		wreg, fsr0l, fsr0h, status,2, status,0, pclath, cstack
   850 ;; Tracked objects:
   851 ;;		On entry : B1F/0
   852 ;;		On exit  : 0/0
   853 ;;		Unchanged: 0/0
   854 ;; Data sizes:     COMMON   BANK0   BANK1   BANK2   BANK3   BANK4
   855 ;;      Params:         0       0       0       0       0       0
   856 ;;      Locals:         0       0       0       0       0       0
   857 ;;      Temps:          0       2       0       0       0       0
   858 ;;      Totals:         0       2       0       0       0       0
   859 ;;Total ram usage:        2 bytes
   860 ;; Hardware stack levels required when called:    2
   861 ;; This function calls:
   862 ;;		_SYSTEM_Initialize
   863 ;;		_adimMotor
   864 ;;		_adimMotorDerece
   865 ;; This function is called by:
   866 ;;		Startup code after reset
   867 ;; This function uses a non-reentrant model
   868 ;;
   869                           
   870                           
   871                           ;psect for function _main
   872  072E                     _main:	
   873                           
   874                           ;main.c: 55: SYSTEM_Initialize();
   875                           
   876                           ;incstack = 0
   877                           ; Regs used in _main: [wreg-fsr0h+status,2+status,0+pclath+cstack]
   878  072E  3186  2686  3187   	fcall	_SYSTEM_Initialize
   879                           
   880                           ;main.c: 72: adimMotor(4096,0,1);
   881  0731  3000               	movlw	0
   882  0732  00F0               	movwf	adimMotor@adimSayisi
   883  0733  3010               	movlw	16
   884  0734  00F1               	movwf	adimMotor@adimSayisi+1
   885  0735  01F2               	clrf	adimMotor@adimYonu
   886  0736  3001               	movlw	1
   887  0737  00F3               	movwf	adimMotor@adimHizi
   888  0738  3000               	movlw	0
   889  0739  00F4               	movwf	adimMotor@adimHizi+1
   890  073A  3187  278D  3187   	fcall	_adimMotor
   891                           
   892                           ;main.c: 74: _delay((unsigned long)((1500)*(32000000/4000.0)));
   893  073D  303D               	movlw	61
   894  073E  0020               	movlb	0	; select bank0
   895  073F  00AC               	movwf	??_main+1
   896  0740  30E1               	movlw	225
   897  0741  00AB               	movwf	??_main
   898  0742  303F               	movlw	63
   899  0743                     u287:	
   900  0743  0B89               	decfsz	9,f
   901  0744  2F43               	goto	u287
   902  0745  0BAB               	decfsz	??_main,f
   903  0746  2F43               	goto	u287
   904  0747  0BAC               	decfsz	??_main+1,f
   905  0748  2F43               	goto	u287
   906  0749  3200               	nop2
   907                           
   908                           ;main.c: 76: adimMotor(1024,1,4);
   909  074A  3000               	movlw	0
   910  074B  00F0               	movwf	adimMotor@adimSayisi
   911  074C  3004               	movlw	4
   912  074D  00F1               	movwf	adimMotor@adimSayisi+1
   913  074E  01F2               	clrf	adimMotor@adimYonu
   914  074F  0AF2               	incf	adimMotor@adimYonu,f
   915  0750  3004               	movlw	4
   916  0751  00F3               	movwf	adimMotor@adimHizi
   917  0752  3000               	movlw	0
   918  0753  00F4               	movwf	adimMotor@adimHizi+1
   919  0754  3187  278D  3187   	fcall	_adimMotor
   920  0757                     l744:	
   921                           ;main.c: 80: while (1)
   922                           
   923                           
   924                           ;main.c: 81: {
   925                           ;main.c: 83: _delay((unsigned long)((500)*(32000000/4000.0)));
   926  0757  3015               	movlw	21
   927  0758  0020               	movlb	0	; select bank0
   928  0759  00AC               	movwf	??_main+1
   929  075A  304B               	movlw	75
   930  075B  00AB               	movwf	??_main
   931  075C  30BE               	movlw	190
   932  075D                     u297:	
   933  075D  0B89               	decfsz	9,f
   934  075E  2F5D               	goto	u297
   935  075F  0BAB               	decfsz	??_main,f
   936  0760  2F5D               	goto	u297
   937  0761  0BAC               	decfsz	??_main+1,f
   938  0762  2F5D               	goto	u297
   939  0763  0000               	nop
   940                           
   941                           ;main.c: 84: adimMotorDerece(180,0,2);
   942  0764  30B4               	movlw	180
   943  0765  0020               	movlb	0	; select bank0
   944  0766  00A0               	movwf	adimMotorDerece@adimDerece
   945  0767  3000               	movlw	0
   946  0768  00A1               	movwf	adimMotorDerece@adimDerece+1
   947  0769  01A2               	clrf	adimMotorDerece@adimYonu
   948  076A  3002               	movlw	2
   949  076B  00A3               	movwf	adimMotorDerece@adimHizi
   950  076C  3000               	movlw	0
   951  076D  00A4               	movwf	adimMotorDerece@adimHizi+1
   952  076E  3186  26A7  3187   	fcall	_adimMotorDerece
   953                           
   954                           ;main.c: 85: _delay((unsigned long)((500)*(32000000/4000.0)));
   955  0771  3015               	movlw	21
   956  0772  0020               	movlb	0	; select bank0
   957  0773  00AC               	movwf	??_main+1
   958  0774  304B               	movlw	75
   959  0775  00AB               	movwf	??_main
   960  0776  30BE               	movlw	190
   961  0777                     u307:	
   962  0777  0B89               	decfsz	9,f
   963  0778  2F77               	goto	u307
   964  0779  0BAB               	decfsz	??_main,f
   965  077A  2F77               	goto	u307
   966  077B  0BAC               	decfsz	??_main+1,f
   967  077C  2F77               	goto	u307
   968  077D  0000               	nop
   969                           
   970                           ;main.c: 86: adimMotorDerece(180,1,2);
   971  077E  30B4               	movlw	180
   972  077F  0020               	movlb	0	; select bank0
   973  0780  00A0               	movwf	adimMotorDerece@adimDerece
   974  0781  3000               	movlw	0
   975  0782  00A1               	movwf	adimMotorDerece@adimDerece+1
   976  0783  01A2               	clrf	adimMotorDerece@adimYonu
   977  0784  0AA2               	incf	adimMotorDerece@adimYonu,f
   978  0785  3002               	movlw	2
   979  0786  00A3               	movwf	adimMotorDerece@adimHizi
   980  0787  3000               	movlw	0
   981  0788  00A4               	movwf	adimMotorDerece@adimHizi+1
   982  0789  3186  26A7  3187   	fcall	_adimMotorDerece
   983  078C  2F57               	goto	l744
   984  078D                     __end_of_main:	
   985                           
   986                           	psect	text1
   987  06A7                     __ptext1:	
   988 ;; *************** function _adimMotorDerece *****************
   989 ;; Defined at:
   990 ;;		line 91 in file "step28byj-48.c"
   991 ;; Parameters:    Size  Location     Type
   992 ;;  adimDerece      2    0[BANK0 ] unsigned int 
   993 ;;  adimYonu        1    2[BANK0 ] unsigned char 
   994 ;;  adimHizi        2    3[BANK0 ] unsigned int 
   995 ;; Auto vars:     Size  Location     Type
   996 ;;  adimSayisiSo    2    9[BANK0 ] unsigned int 
   997 ;; Return value:  Size  Location     Type
   998 ;;                  1    wreg      void 
   999 ;; Registers used:
  1000 ;;		wreg, fsr0l, fsr0h, status,2, status,0, pclath, cstack
  1001 ;; Tracked objects:
  1002 ;;		On entry : 0/0
  1003 ;;		On exit  : 0/0
  1004 ;;		Unchanged: 0/0
  1005 ;; Data sizes:     COMMON   BANK0   BANK1   BANK2   BANK3   BANK4
  1006 ;;      Params:         0       5       0       0       0       0
  1007 ;;      Locals:         0       2       0       0       0       0
  1008 ;;      Temps:          0       4       0       0       0       0
  1009 ;;      Totals:         0      11       0       0       0       0
  1010 ;;Total ram usage:       11 bytes
  1011 ;; Hardware stack levels used:    1
  1012 ;; Hardware stack levels required when called:    1
  1013 ;; This function calls:
  1014 ;;		___lldiv
  1015 ;;		_adimMotor
  1016 ;; This function is called by:
  1017 ;;		_main
  1018 ;; This function uses a non-reentrant model
  1019 ;;
  1020                           
  1021                           
  1022                           ;psect for function _adimMotorDerece
  1023  06A7                     _adimMotorDerece:	
  1024                           
  1025                           ;step28byj-48.c: 93: unsigned int adimSayisiSonuc;
  1026                           ;step28byj-48.c: 95: adimSayisiSonuc=(unsigned int)(((unsigned long)adimDerece*4096)/360
      +                          );
  1027                           
  1028                           ;incstack = 0
  1029                           ; Regs used in _adimMotorDerece: [wreg-fsr0h+status,2+status,0+pclath+cstack]
  1030  06A7  3000               	movlw	0
  1031  06A8  00F3               	movwf	___lldiv@divisor+3
  1032  06A9  3000               	movlw	0
  1033  06AA  00F2               	movwf	___lldiv@divisor+2
  1034  06AB  3001               	movlw	1
  1035  06AC  00F1               	movwf	___lldiv@divisor+1
  1036  06AD  3068               	movlw	104
  1037  06AE  00F0               	movwf	___lldiv@divisor
  1038  06AF  0020               	movlb	0	; select bank0
  1039  06B0  0820               	movf	adimMotorDerece@adimDerece,w
  1040  06B1  00A5               	movwf	??_adimMotorDerece
  1041  06B2  0821               	movf	adimMotorDerece@adimDerece+1,w
  1042  06B3  00A6               	movwf	??_adimMotorDerece+1
  1043  06B4  01A7               	clrf	??_adimMotorDerece+2
  1044  06B5  01A8               	clrf	??_adimMotorDerece+3
  1045  06B6  300C               	movlw	12
  1046  06B7                     u275:	
  1047  06B7  35A5               	lslf	??_adimMotorDerece,f
  1048  06B8  0DA6               	rlf	??_adimMotorDerece+1,f
  1049  06B9  0DA7               	rlf	??_adimMotorDerece+2,f
  1050  06BA  0DA8               	rlf	??_adimMotorDerece+3,f
  1051  06BB  0B89               	decfsz	9,f
  1052  06BC  2EB7               	goto	u275
  1053  06BD  0828               	movf	??_adimMotorDerece+3,w
  1054  06BE  00F7               	movwf	___lldiv@dividend+3
  1055  06BF  0827               	movf	??_adimMotorDerece+2,w
  1056  06C0  00F6               	movwf	___lldiv@dividend+2
  1057  06C1  0826               	movf	??_adimMotorDerece+1,w
  1058  06C2  00F5               	movwf	___lldiv@dividend+1
  1059  06C3  0825               	movf	??_adimMotorDerece,w
  1060  06C4  00F4               	movwf	___lldiv@dividend
  1061  06C5  3186  26DC  3186   	fcall	___lldiv
  1062  06C8  0871               	movf	?___lldiv+1,w
  1063  06C9  0020               	movlb	0	; select bank0
  1064  06CA  00AA               	movwf	adimMotorDerece@adimSayisiSonuc+1
  1065  06CB  0870               	movf	?___lldiv,w
  1066  06CC  00A9               	movwf	adimMotorDerece@adimSayisiSonuc
  1067                           
  1068                           ;step28byj-48.c: 97: adimMotor(adimSayisiSonuc,adimYonu,adimHizi);
  1069  06CD  082A               	movf	adimMotorDerece@adimSayisiSonuc+1,w
  1070  06CE  00F1               	movwf	adimMotor@adimSayisi+1
  1071  06CF  0829               	movf	adimMotorDerece@adimSayisiSonuc,w
  1072  06D0  00F0               	movwf	adimMotor@adimSayisi
  1073  06D1  0822               	movf	adimMotorDerece@adimYonu,w
  1074  06D2  00A5               	movwf	??_adimMotorDerece
  1075  06D3  0825               	movf	??_adimMotorDerece,w
  1076  06D4  00F2               	movwf	adimMotor@adimYonu
  1077  06D5  0824               	movf	adimMotorDerece@adimHizi+1,w
  1078  06D6  00F4               	movwf	adimMotor@adimHizi+1
  1079  06D7  0823               	movf	adimMotorDerece@adimHizi,w
  1080  06D8  00F3               	movwf	adimMotor@adimHizi
  1081  06D9  3187  278D         	fcall	_adimMotor
  1082  06DB  0008               	return
  1083  06DC                     __end_of_adimMotorDerece:	
  1084                           
  1085                           	psect	text2
  1086  078D                     __ptext2:	
  1087 ;; *************** function _adimMotor *****************
  1088 ;; Defined at:
  1089 ;;		line 16 in file "step28byj-48.c"
  1090 ;; Parameters:    Size  Location     Type
  1091 ;;  adimSayisi      2    0[COMMON] unsigned int 
  1092 ;;  adimYonu        1    2[COMMON] unsigned char 
  1093 ;;  adimHizi        2    3[COMMON] unsigned int 
  1094 ;; Auto vars:     Size  Location     Type
  1095 ;;  j               2    8[COMMON] unsigned int 
  1096 ;;  i               2    6[COMMON] unsigned int 
  1097 ;; Return value:  Size  Location     Type
  1098 ;;                  1    wreg      void 
  1099 ;; Registers used:
  1100 ;;		wreg, fsr0l, fsr0h, status,2, status,0
  1101 ;; Tracked objects:
  1102 ;;		On entry : 0/0
  1103 ;;		On exit  : 0/0
  1104 ;;		Unchanged: 0/0
  1105 ;; Data sizes:     COMMON   BANK0   BANK1   BANK2   BANK3   BANK4
  1106 ;;      Params:         5       0       0       0       0       0
  1107 ;;      Locals:         4       0       0       0       0       0
  1108 ;;      Temps:          1       0       0       0       0       0
  1109 ;;      Totals:        10       0       0       0       0       0
  1110 ;;Total ram usage:       10 bytes
  1111 ;; Hardware stack levels used:    1
  1112 ;; This function calls:
  1113 ;;		Nothing
  1114 ;; This function is called by:
  1115 ;;		_main
  1116 ;;		_adimMotorDerece
  1117 ;; This function uses a non-reentrant model
  1118 ;;
  1119                           
  1120                           
  1121                           ;psect for function _adimMotor
  1122  078D                     _adimMotor:	
  1123                           
  1124                           ;step28byj-48.c: 18: unsigned int i,j;
  1125                           ;step28byj-48.c: 20: for (i = 0; i < adimSayisi; i++) {
  1126                           
  1127                           ;incstack = 0
  1128                           ; Regs used in _adimMotor: [wreg-fsr0h+status,2+status,0]
  1129  078D  01F6               	clrf	adimMotor@i
  1130  078E  01F7               	clrf	adimMotor@i+1
  1131  078F                     l85:	
  1132  078F  0871               	movf	adimMotor@adimSayisi+1,w
  1133  0790  0277               	subwf	adimMotor@i+1,w
  1134  0791  1D03               	skipz
  1135  0792  2F95               	goto	u195
  1136  0793  0870               	movf	adimMotor@adimSayisi,w
  1137  0794  0276               	subwf	adimMotor@i,w
  1138  0795                     u195:	
  1139  0795  1803               	btfsc	3,0
  1140  0796  0008               	return
  1141                           
  1142                           ;step28byj-48.c: 23: if (adimYonu == 0) {
  1143  0797  0872               	movf	adimMotor@adimYonu,w
  1144  0798  1D03               	btfss	3,2
  1145  0799  2FA5               	goto	l690
  1146                           
  1147                           ;step28byj-48.c: 24: adim++;
  1148  079A  3001               	movlw	1
  1149  079B  00F5               	movwf	??_adimMotor
  1150  079C  0875               	movf	??_adimMotor,w
  1151  079D  0020               	movlb	0	; select bank0
  1152  079E  07AD               	addwf	_adim,f
  1153                           
  1154                           ;step28byj-48.c: 25: if (adim == 8)
  1155  079F  3008               	movlw	8
  1156  07A0  062D               	xorwf	_adim,w
  1157  07A1  1D03               	btfss	3,2
  1158  07A2  2FD4               	goto	l696
  1159                           
  1160                           ;step28byj-48.c: 26: adim = 0;
  1161  07A3  01AD               	clrf	_adim
  1162                           
  1163                           ;step28byj-48.c: 27: } else {
  1164  07A4  2FD4               	goto	l696
  1165  07A5                     l690:	
  1166                           
  1167                           ;step28byj-48.c: 28: adim--;
  1168  07A5  3001               	movlw	1
  1169  07A6  0020               	movlb	0	; select bank0
  1170  07A7  02AD               	subwf	_adim,f
  1171                           
  1172                           ;step28byj-48.c: 29: if (adim == 0xFF)
  1173  07A8  0A2D               	incf	_adim,w
  1174  07A9  1D03               	btfss	3,2
  1175  07AA  2FD4               	goto	l696
  1176                           
  1177                           ;step28byj-48.c: 30: adim = 7;
  1178  07AB  3007               	movlw	7
  1179  07AC  00F5               	movwf	??_adimMotor
  1180  07AD  0875               	movf	??_adimMotor,w
  1181  07AE  00AD               	movwf	_adim
  1182                           
  1183                           ;step28byj-48.c: 32: }
  1184                           ;step28byj-48.c: 34: switch (adim) {
  1185  07AF  2FD4               	goto	l696
  1186  07B0                     l92:	
  1187                           ;step28byj-48.c: 35: case 0:
  1188                           
  1189                           
  1190                           ;step28byj-48.c: 36: LATB0 = 1;
  1191  07B0  0022               	movlb	2	; select bank2
  1192  07B1  140D               	bsf	13,0	;volatile
  1193                           
  1194                           ;step28byj-48.c: 37: LATB1 = 0;
  1195  07B2  108D               	bcf	13,1	;volatile
  1196  07B3  2FBA               	goto	L2
  1197  07B4                     l94:	
  1198                           ;step28byj-48.c: 41: case 1:
  1199                           
  1200                           ;step28byj-48.c: 40: break;
  1201                           
  1202                           ;step28byj-48.c: 39: LATB3 = 0;
  1203                           
  1204                           ;step28byj-48.c: 38: LATB2 = 0;
  1205                           
  1206                           
  1207                           ;step28byj-48.c: 42: LATB0 = 1;
  1208  07B4  0022               	movlb	2	; select bank2
  1209  07B5  140D               	bsf	13,0	;volatile
  1210  07B6  2FB9               	goto	L7
  1211  07B7                     l95:	
  1212                           ;step28byj-48.c: 47: case 2:
  1213                           
  1214                           ;step28byj-48.c: 46: break;
  1215                           
  1216                           ;step28byj-48.c: 45: LATB3 = 0;
  1217                           
  1218                           ;step28byj-48.c: 44: LATB2 = 0;
  1219                           
  1220                           ;step28byj-48.c: 43: LATB1 = 1;
  1221                           
  1222                           
  1223                           ;step28byj-48.c: 48: LATB0 = 0;
  1224  07B7  0022               	movlb	2	; select bank2
  1225  07B8  100D               	bcf	13,0	;volatile
  1226  07B9                     L7:	
  1227                           
  1228                           ;step28byj-48.c: 49: LATB1 = 1;
  1229  07B9  148D               	bsf	13,1	;volatile
  1230  07BA                     L2:	
  1231                           
  1232                           ;step28byj-48.c: 50: LATB2 = 0;
  1233  07BA  110D               	bcf	13,2	;volatile
  1234  07BB  2FC4               	goto	L4
  1235  07BC                     l96:	
  1236                           ;step28byj-48.c: 53: case 3:
  1237                           
  1238                           ;step28byj-48.c: 52: break;
  1239                           
  1240                           ;step28byj-48.c: 51: LATB3 = 0;
  1241                           
  1242                           
  1243                           ;step28byj-48.c: 54: LATB0 = 0;
  1244  07BC  0022               	movlb	2	; select bank2
  1245  07BD  100D               	bcf	13,0	;volatile
  1246                           
  1247                           ;step28byj-48.c: 55: LATB1 = 1;
  1248  07BE  148D               	bsf	13,1	;volatile
  1249  07BF  2FC3               	goto	L8
  1250  07C0                     l97:	
  1251                           ;step28byj-48.c: 59: case 4:
  1252                           
  1253                           ;step28byj-48.c: 58: break;
  1254                           
  1255                           ;step28byj-48.c: 57: LATB3 = 0;
  1256                           
  1257                           ;step28byj-48.c: 56: LATB2 = 1;
  1258                           
  1259                           
  1260                           ;step28byj-48.c: 60: LATB0 = 0;
  1261  07C0  0022               	movlb	2	; select bank2
  1262  07C1  100D               	bcf	13,0	;volatile
  1263                           
  1264                           ;step28byj-48.c: 61: LATB1 = 0;
  1265  07C2  108D               	bcf	13,1	;volatile
  1266  07C3                     L8:	
  1267                           
  1268                           ;step28byj-48.c: 62: LATB2 = 1;
  1269  07C3  150D               	bsf	13,2	;volatile
  1270  07C4                     L4:	
  1271                           
  1272                           ;step28byj-48.c: 63: LATB3 = 0;
  1273  07C4  118D               	bcf	13,3	;volatile
  1274                           
  1275                           ;step28byj-48.c: 64: break;
  1276  07C5  2FDF               	goto	l698
  1277  07C6                     l98:	
  1278                           ;step28byj-48.c: 65: case 5:
  1279                           
  1280                           
  1281                           ;step28byj-48.c: 66: LATB0 = 0;
  1282  07C6  0022               	movlb	2	; select bank2
  1283  07C7  100D               	bcf	13,0	;volatile
  1284                           
  1285                           ;step28byj-48.c: 67: LATB1 = 0;
  1286  07C8  108D               	bcf	13,1	;volatile
  1287                           
  1288                           ;step28byj-48.c: 68: LATB2 = 1;
  1289  07C9  150D               	bsf	13,2	;volatile
  1290  07CA  2FD2               	goto	L6
  1291  07CB                     l99:	
  1292                           ;step28byj-48.c: 71: case 6:
  1293                           
  1294                           ;step28byj-48.c: 70: break;
  1295                           
  1296                           ;step28byj-48.c: 69: LATB3 = 1;
  1297                           
  1298                           
  1299                           ;step28byj-48.c: 72: LATB0 = 0;
  1300  07CB  0022               	movlb	2	; select bank2
  1301  07CC  100D               	bcf	13,0	;volatile
  1302  07CD  2FD0               	goto	L9
  1303  07CE                     l100:	
  1304                           ;step28byj-48.c: 77: case 7:
  1305                           
  1306                           ;step28byj-48.c: 76: break;
  1307                           
  1308                           ;step28byj-48.c: 75: LATB3 = 1;
  1309                           
  1310                           ;step28byj-48.c: 74: LATB2 = 0;
  1311                           
  1312                           ;step28byj-48.c: 73: LATB1 = 0;
  1313                           
  1314                           
  1315                           ;step28byj-48.c: 78: LATB0 = 1;
  1316  07CE  0022               	movlb	2	; select bank2
  1317  07CF  140D               	bsf	13,0	;volatile
  1318  07D0                     L9:	
  1319                           
  1320                           ;step28byj-48.c: 79: LATB1 = 0;
  1321  07D0  108D               	bcf	13,1	;volatile
  1322                           
  1323                           ;step28byj-48.c: 80: LATB2 = 0;
  1324  07D1  110D               	bcf	13,2	;volatile
  1325  07D2                     L6:	
  1326                           
  1327                           ;step28byj-48.c: 81: LATB3 = 1;
  1328  07D2  158D               	bsf	13,3	;volatile
  1329                           
  1330                           ;step28byj-48.c: 83: }
  1331                           
  1332                           ;step28byj-48.c: 82: break;
  1333  07D3  2FDF               	goto	l698
  1334  07D4                     l696:	
  1335  07D4  0020               	movlb	0	; select bank0
  1336  07D5  082D               	movf	_adim,w
  1337                           
  1338                           ; Switch size 1, requested type "space"
  1339                           ; Number of cases is 8, Range of values is 0 to 7
  1340                           ; switch strategies available:
  1341                           ; Name         Instructions Cycles
  1342                           ; direct_byte           22     6 (fixed)
  1343                           ; simple_byte           25    13 (average)
  1344                           ; jumptable            260     6 (fixed)
  1345                           ;	Chosen strategy is direct_byte
  1346  07D6  0084               	movwf	4
  1347  07D7  3008               	movlw	8
  1348  07D8  0204               	subwf	4,w
  1349  07D9  1803               	skipnc
  1350  07DA  2FDF               	goto	l698
  1351  07DB  3180               	movlp	high S772
  1352  07DC  3504               	lslf	4,w
  1353  07DD  3E04               	addlw	low S772
  1354  07DE  0082               	movwf	2
  1355  07DF                     l698:	
  1356                           
  1357                           ;step28byj-48.c: 85: for(j=0;j<adimHizi;j++)
  1358  07DF  01F8               	clrf	adimMotor@j
  1359  07E0  01F9               	clrf	adimMotor@j+1
  1360  07E1                     l101:	
  1361  07E1  0874               	movf	adimMotor@adimHizi+1,w
  1362  07E2  0279               	subwf	adimMotor@j+1,w
  1363  07E3  1D03               	skipz
  1364  07E4  2FE7               	goto	u185
  1365  07E5  0873               	movf	adimMotor@adimHizi,w
  1366  07E6  0278               	subwf	adimMotor@j,w
  1367  07E7                     u185:	
  1368  07E7  1803               	btfsc	3,0
  1369  07E8  2FF6               	goto	l702
  1370                           
  1371                           ;step28byj-48.c: 86: _delay((unsigned long)((1)*(32000000/4000.0)));
  1372  07E9  300B               	movlw	11
  1373  07EA  00F5               	movwf	??_adimMotor
  1374  07EB  3062               	movlw	98
  1375  07EC                     u317:	
  1376  07EC  0B89               	decfsz	9,f
  1377  07ED  2FEC               	goto	u317
  1378  07EE  0BF5               	decfsz	??_adimMotor,f
  1379  07EF  2FEC               	goto	u317
  1380  07F0  3200               	nop2
  1381  07F1  3001               	movlw	1
  1382  07F2  07F8               	addwf	adimMotor@j,f
  1383  07F3  3000               	movlw	0
  1384  07F4  3DF9               	addwfc	adimMotor@j+1,f
  1385  07F5  2FE1               	goto	l101
  1386  07F6                     l702:	
  1387  07F6  3001               	movlw	1
  1388  07F7  07F6               	addwf	adimMotor@i,f
  1389  07F8  3000               	movlw	0
  1390  07F9  3DF7               	addwfc	adimMotor@i+1,f
  1391  07FA  2F8F               	goto	l85
  1392  07FB                     __end_of_adimMotor:	
  1393                           
  1394                           	psect	swtext1
  1395  0004                     __pswtext1:	
  1396  0004                     S772:	
  1397  0004  3187  2FB0         	ljmp	l92
  1398  0006  3187  2FB4         	ljmp	l94
  1399  0008  3187  2FB7         	ljmp	l95
  1400  000A  3187  2FBC         	ljmp	l96
  1401  000C  3187  2FC0         	ljmp	l97
  1402  000E  3187  2FC6         	ljmp	l98
  1403  0010  3187  2FCB         	ljmp	l99
  1404  0012  3187  2FCE         	ljmp	l100
  1405                           
  1406                           	psect	text3
  1407  06DC                     __ptext3:	
  1408 ;; *************** function ___lldiv *****************
  1409 ;; Defined at:
  1410 ;;		line 6 in file "C:\Program Files (x86)\Microchip\xc8\v1.44\sources\common\lldiv.c"
  1411 ;; Parameters:    Size  Location     Type
  1412 ;;  divisor         4    0[COMMON] unsigned long 
  1413 ;;  dividend        4    4[COMMON] unsigned long 
  1414 ;; Auto vars:     Size  Location     Type
  1415 ;;  quotient        4    9[COMMON] unsigned long 
  1416 ;;  counter         1   13[COMMON] unsigned char 
  1417 ;; Return value:  Size  Location     Type
  1418 ;;                  4    0[COMMON] unsigned long 
  1419 ;; Registers used:
  1420 ;;		wreg, status,2, status,0
  1421 ;; Tracked objects:
  1422 ;;		On entry : 0/0
  1423 ;;		On exit  : 0/0
  1424 ;;		Unchanged: 0/0
  1425 ;; Data sizes:     COMMON   BANK0   BANK1   BANK2   BANK3   BANK4
  1426 ;;      Params:         8       0       0       0       0       0
  1427 ;;      Locals:         5       0       0       0       0       0
  1428 ;;      Temps:          1       0       0       0       0       0
  1429 ;;      Totals:        14       0       0       0       0       0
  1430 ;;Total ram usage:       14 bytes
  1431 ;; Hardware stack levels used:    1
  1432 ;; This function calls:
  1433 ;;		Nothing
  1434 ;; This function is called by:
  1435 ;;		_adimMotorDerece
  1436 ;; This function uses a non-reentrant model
  1437 ;;
  1438                           
  1439                           
  1440                           ;psect for function ___lldiv
  1441  06DC                     ___lldiv:	
  1442                           
  1443                           ;incstack = 0
  1444                           ; Regs used in ___lldiv: [wreg+status,2+status,0]
  1445  06DC  3000               	movlw	0
  1446  06DD  00FC               	movwf	___lldiv@quotient+3
  1447  06DE  3000               	movlw	0
  1448  06DF  00FB               	movwf	___lldiv@quotient+2
  1449  06E0  3000               	movlw	0
  1450  06E1  00FA               	movwf	___lldiv@quotient+1
  1451  06E2  3000               	movlw	0
  1452  06E3  00F9               	movwf	___lldiv@quotient
  1453  06E4  0873               	movf	___lldiv@divisor+3,w
  1454  06E5  0472               	iorwf	___lldiv@divisor+2,w
  1455  06E6  0471               	iorwf	___lldiv@divisor+1,w
  1456  06E7  0470               	iorwf	___lldiv@divisor,w
  1457  06E8  1903               	skipnz
  1458  06E9  2F25               	goto	l728
  1459  06EA  01FD               	clrf	___lldiv@counter
  1460  06EB  0AFD               	incf	___lldiv@counter,f
  1461  06EC                     l714:	
  1462  06EC  1BF3               	btfsc	___lldiv@divisor+3,7
  1463  06ED  2EFA               	goto	l716
  1464  06EE  3001               	movlw	1
  1465  06EF                     u215:	
  1466  06EF  35F0               	lslf	___lldiv@divisor,f
  1467  06F0  0DF1               	rlf	___lldiv@divisor+1,f
  1468  06F1  0DF2               	rlf	___lldiv@divisor+2,f
  1469  06F2  0DF3               	rlf	___lldiv@divisor+3,f
  1470  06F3  0B89               	decfsz	9,f
  1471  06F4  2EEF               	goto	u215
  1472  06F5  3001               	movlw	1
  1473  06F6  00F8               	movwf	??___lldiv
  1474  06F7  0878               	movf	??___lldiv,w
  1475  06F8  07FD               	addwf	___lldiv@counter,f
  1476  06F9  2EEC               	goto	l714
  1477  06FA                     l716:	
  1478  06FA  3001               	movlw	1
  1479  06FB                     u235:	
  1480  06FB  35F9               	lslf	___lldiv@quotient,f
  1481  06FC  0DFA               	rlf	___lldiv@quotient+1,f
  1482  06FD  0DFB               	rlf	___lldiv@quotient+2,f
  1483  06FE  0DFC               	rlf	___lldiv@quotient+3,f
  1484  06FF  0B89               	decfsz	9,f
  1485  0700  2EFB               	goto	u235
  1486  0701  0873               	movf	___lldiv@divisor+3,w
  1487  0702  0277               	subwf	___lldiv@dividend+3,w
  1488  0703  1D03               	skipz
  1489  0704  2F0F               	goto	u245
  1490  0705  0872               	movf	___lldiv@divisor+2,w
  1491  0706  0276               	subwf	___lldiv@dividend+2,w
  1492  0707  1D03               	skipz
  1493  0708  2F0F               	goto	u245
  1494  0709  0871               	movf	___lldiv@divisor+1,w
  1495  070A  0275               	subwf	___lldiv@dividend+1,w
  1496  070B  1D03               	skipz
  1497  070C  2F0F               	goto	u245
  1498  070D  0870               	movf	___lldiv@divisor,w
  1499  070E  0274               	subwf	___lldiv@dividend,w
  1500  070F                     u245:	
  1501  070F  1C03               	skipc
  1502  0710  2F1A               	goto	l724
  1503  0711  0870               	movf	___lldiv@divisor,w
  1504  0712  02F4               	subwf	___lldiv@dividend,f
  1505  0713  0871               	movf	___lldiv@divisor+1,w
  1506  0714  3BF5               	subwfb	___lldiv@dividend+1,f
  1507  0715  0872               	movf	___lldiv@divisor+2,w
  1508  0716  3BF6               	subwfb	___lldiv@dividend+2,f
  1509  0717  0873               	movf	___lldiv@divisor+3,w
  1510  0718  3BF7               	subwfb	___lldiv@dividend+3,f
  1511  0719  1479               	bsf	___lldiv@quotient,0
  1512  071A                     l724:	
  1513  071A  3001               	movlw	1
  1514  071B                     u255:	
  1515  071B  36F3               	lsrf	___lldiv@divisor+3,f
  1516  071C  0CF2               	rrf	___lldiv@divisor+2,f
  1517  071D  0CF1               	rrf	___lldiv@divisor+1,f
  1518  071E  0CF0               	rrf	___lldiv@divisor,f
  1519  071F  0B89               	decfsz	9,f
  1520  0720  2F1B               	goto	u255
  1521  0721  3001               	movlw	1
  1522  0722  02FD               	subwf	___lldiv@counter,f
  1523  0723  1D03               	btfss	3,2
  1524  0724  2EFA               	goto	l716
  1525  0725                     l728:	
  1526  0725  087C               	movf	___lldiv@quotient+3,w
  1527  0726  00F3               	movwf	?___lldiv+3
  1528  0727  087B               	movf	___lldiv@quotient+2,w
  1529  0728  00F2               	movwf	?___lldiv+2
  1530  0729  087A               	movf	___lldiv@quotient+1,w
  1531  072A  00F1               	movwf	?___lldiv+1
  1532  072B  0879               	movf	___lldiv@quotient,w
  1533  072C  00F0               	movwf	?___lldiv
  1534  072D  0008               	return
  1535  072E                     __end_of___lldiv:	
  1536                           
  1537                           	psect	text4
  1538  0686                     __ptext4:	
  1539 ;; *************** function _SYSTEM_Initialize *****************
  1540 ;; Defined at:
  1541 ;;		line 69 in file "mcc_generated_files/mcc.c"
  1542 ;; Parameters:    Size  Location     Type
  1543 ;;		None
  1544 ;; Auto vars:     Size  Location     Type
  1545 ;;		None
  1546 ;; Return value:  Size  Location     Type
  1547 ;;                  1    wreg      void 
  1548 ;; Registers used:
  1549 ;;		wreg, status,2, status,0, pclath, cstack
  1550 ;; Tracked objects:
  1551 ;;		On entry : 0/0
  1552 ;;		On exit  : 0/0
  1553 ;;		Unchanged: 0/0
  1554 ;; Data sizes:     COMMON   BANK0   BANK1   BANK2   BANK3   BANK4
  1555 ;;      Params:         0       0       0       0       0       0
  1556 ;;      Locals:         0       0       0       0       0       0
  1557 ;;      Temps:          0       0       0       0       0       0
  1558 ;;      Totals:         0       0       0       0       0       0
  1559 ;;Total ram usage:        0 bytes
  1560 ;; Hardware stack levels used:    1
  1561 ;; Hardware stack levels required when called:    1
  1562 ;; This function calls:
  1563 ;;		_OSCILLATOR_Initialize
  1564 ;;		_PIN_MANAGER_Initialize
  1565 ;;		_WDT_Initialize
  1566 ;; This function is called by:
  1567 ;;		_main
  1568 ;; This function uses a non-reentrant model
  1569 ;;
  1570                           
  1571                           
  1572                           ;psect for function _SYSTEM_Initialize
  1573  0686                     _SYSTEM_Initialize:	
  1574                           
  1575                           ;mcc.c: 72: PIN_MANAGER_Initialize();
  1576                           
  1577                           ;incstack = 0
  1578                           ; Regs used in _SYSTEM_Initialize: [wreg+status,2+status,0+pclath+cstack]
  1579  0686  3186  268F  3186   	fcall	_PIN_MANAGER_Initialize
  1580                           
  1581                           ;mcc.c: 73: OSCILLATOR_Initialize();
  1582  0689  3186  267F  3186   	fcall	_OSCILLATOR_Initialize
  1583                           
  1584                           ;mcc.c: 74: WDT_Initialize();
  1585  068C  3186  267B         	fcall	_WDT_Initialize
  1586  068E  0008               	return
  1587  068F                     __end_of_SYSTEM_Initialize:	
  1588                           
  1589                           	psect	text5
  1590  067B                     __ptext5:	
  1591 ;; *************** function _WDT_Initialize *****************
  1592 ;; Defined at:
  1593 ;;		line 89 in file "mcc_generated_files/mcc.c"
  1594 ;; Parameters:    Size  Location     Type
  1595 ;;		None
  1596 ;; Auto vars:     Size  Location     Type
  1597 ;;		None
  1598 ;; Return value:  Size  Location     Type
  1599 ;;                  1    wreg      void 
  1600 ;; Registers used:
  1601 ;;		wreg
  1602 ;; Tracked objects:
  1603 ;;		On entry : 0/0
  1604 ;;		On exit  : 0/0
  1605 ;;		Unchanged: 0/0
  1606 ;; Data sizes:     COMMON   BANK0   BANK1   BANK2   BANK3   BANK4
  1607 ;;      Params:         0       0       0       0       0       0
  1608 ;;      Locals:         0       0       0       0       0       0
  1609 ;;      Temps:          0       0       0       0       0       0
  1610 ;;      Totals:         0       0       0       0       0       0
  1611 ;;Total ram usage:        0 bytes
  1612 ;; Hardware stack levels used:    1
  1613 ;; This function calls:
  1614 ;;		Nothing
  1615 ;; This function is called by:
  1616 ;;		_SYSTEM_Initialize
  1617 ;; This function uses a non-reentrant model
  1618 ;;
  1619                           
  1620                           
  1621                           ;psect for function _WDT_Initialize
  1622  067B                     _WDT_Initialize:	
  1623                           
  1624                           ;mcc.c: 92: WDTCON = 0x16;
  1625                           
  1626                           ;incstack = 0
  1627                           ; Regs used in _WDT_Initialize: [wreg]
  1628  067B  3016               	movlw	22
  1629  067C  0021               	movlb	1	; select bank1
  1630  067D  0097               	movwf	23	;volatile
  1631  067E  0008               	return
  1632  067F                     __end_of_WDT_Initialize:	
  1633                           
  1634                           	psect	text6
  1635  068F                     __ptext6:	
  1636 ;; *************** function _PIN_MANAGER_Initialize *****************
  1637 ;; Defined at:
  1638 ;;		line 52 in file "mcc_generated_files/pin_manager.c"
  1639 ;; Parameters:    Size  Location     Type
  1640 ;;		None
  1641 ;; Auto vars:     Size  Location     Type
  1642 ;;		None
  1643 ;; Return value:  Size  Location     Type
  1644 ;;                  1    wreg      void 
  1645 ;; Registers used:
  1646 ;;		wreg, status,2
  1647 ;; Tracked objects:
  1648 ;;		On entry : 0/0
  1649 ;;		On exit  : 0/0
  1650 ;;		Unchanged: 0/0
  1651 ;; Data sizes:     COMMON   BANK0   BANK1   BANK2   BANK3   BANK4
  1652 ;;      Params:         0       0       0       0       0       0
  1653 ;;      Locals:         0       0       0       0       0       0
  1654 ;;      Temps:          0       0       0       0       0       0
  1655 ;;      Totals:         0       0       0       0       0       0
  1656 ;;Total ram usage:        0 bytes
  1657 ;; Hardware stack levels used:    1
  1658 ;; This function calls:
  1659 ;;		Nothing
  1660 ;; This function is called by:
  1661 ;;		_SYSTEM_Initialize
  1662 ;; This function uses a non-reentrant model
  1663 ;;
  1664                           
  1665                           
  1666                           ;psect for function _PIN_MANAGER_Initialize
  1667  068F                     _PIN_MANAGER_Initialize:	
  1668                           
  1669                           ;pin_manager.c: 57: LATA = 0x00;
  1670                           
  1671                           ;incstack = 0
  1672                           ; Regs used in _PIN_MANAGER_Initialize: [wreg+status,2]
  1673  068F  0022               	movlb	2	; select bank2
  1674  0690  018C               	clrf	12	;volatile
  1675                           
  1676                           ;pin_manager.c: 58: LATB = 0x00;
  1677  0691  018D               	clrf	13	;volatile
  1678                           
  1679                           ;pin_manager.c: 63: TRISA = 0xFF;
  1680  0692  30FF               	movlw	255
  1681  0693  0021               	movlb	1	; select bank1
  1682  0694  008C               	movwf	12	;volatile
  1683                           
  1684                           ;pin_manager.c: 64: TRISB = 0xF0;
  1685  0695  30F0               	movlw	240
  1686  0696  008D               	movwf	13	;volatile
  1687                           
  1688                           ;pin_manager.c: 69: ANSELB = 0xFE;
  1689  0697  30FE               	movlw	254
  1690  0698  0023               	movlb	3	; select bank3
  1691  0699  008D               	movwf	13	;volatile
  1692                           
  1693                           ;pin_manager.c: 70: ANSELA = 0x1F;
  1694  069A  301F               	movlw	31
  1695  069B  008C               	movwf	12	;volatile
  1696                           
  1697                           ;pin_manager.c: 75: WPUB = 0xFF;
  1698  069C  30FF               	movlw	255
  1699  069D  0024               	movlb	4	; select bank4
  1700  069E  008D               	movwf	13	;volatile
  1701                           
  1702                           ;pin_manager.c: 76: WPUA = 0x20;
  1703  069F  3020               	movlw	32
  1704  06A0  008C               	movwf	12	;volatile
  1705                           
  1706                           ;pin_manager.c: 77: OPTION_REGbits.nWPUEN = 0;
  1707  06A1  0021               	movlb	1	; select bank1
  1708  06A2  1395               	bcf	21,7	;volatile
  1709                           
  1710                           ;pin_manager.c: 83: APFCON1 = 0x00;
  1711  06A3  0022               	movlb	2	; select bank2
  1712  06A4  019E               	clrf	30	;volatile
  1713                           
  1714                           ;pin_manager.c: 84: APFCON0 = 0x00;
  1715  06A5  019D               	clrf	29	;volatile
  1716  06A6  0008               	return
  1717  06A7                     __end_of_PIN_MANAGER_Initialize:	
  1718                           
  1719                           	psect	text7
  1720  067F                     __ptext7:	
  1721 ;; *************** function _OSCILLATOR_Initialize *****************
  1722 ;; Defined at:
  1723 ;;		line 77 in file "mcc_generated_files/mcc.c"
  1724 ;; Parameters:    Size  Location     Type
  1725 ;;		None
  1726 ;; Auto vars:     Size  Location     Type
  1727 ;;		None
  1728 ;; Return value:  Size  Location     Type
  1729 ;;                  1    wreg      void 
  1730 ;; Registers used:
  1731 ;;		wreg, status,2
  1732 ;; Tracked objects:
  1733 ;;		On entry : 0/0
  1734 ;;		On exit  : 0/0
  1735 ;;		Unchanged: 0/0
  1736 ;; Data sizes:     COMMON   BANK0   BANK1   BANK2   BANK3   BANK4
  1737 ;;      Params:         0       0       0       0       0       0
  1738 ;;      Locals:         0       0       0       0       0       0
  1739 ;;      Temps:          0       0       0       0       0       0
  1740 ;;      Totals:         0       0       0       0       0       0
  1741 ;;Total ram usage:        0 bytes
  1742 ;; Hardware stack levels used:    1
  1743 ;; This function calls:
  1744 ;;		Nothing
  1745 ;; This function is called by:
  1746 ;;		_SYSTEM_Initialize
  1747 ;; This function uses a non-reentrant model
  1748 ;;
  1749                           
  1750                           
  1751                           ;psect for function _OSCILLATOR_Initialize
  1752  067F                     _OSCILLATOR_Initialize:	
  1753                           
  1754                           ;mcc.c: 80: OSCCON = 0x38;
  1755                           
  1756                           ;incstack = 0
  1757                           ; Regs used in _OSCILLATOR_Initialize: [wreg+status,2]
  1758  067F  3038               	movlw	56
  1759  0680  0021               	movlb	1	; select bank1
  1760  0681  0099               	movwf	25	;volatile
  1761                           
  1762                           ;mcc.c: 82: OSCTUNE = 0x00;
  1763  0682  0198               	clrf	24	;volatile
  1764  0683                     l48:	
  1765                           ;mcc.c: 85: {
  1766                           
  1767                           ;mcc.c: 84: while(PLLR == 0)
  1768                           
  1769  0683  1B1A               	btfsc	26,6	;volatile
  1770  0684  0008               	return
  1771  0685  2E83               	goto	l48
  1772  0686                     __end_of_OSCILLATOR_Initialize:	
  1773  007E                     btemp	set	126	;btemp
  1774  007E                     wtemp0	set	126


Data Sizes:
    Strings     0
    Constant    0
    Data        0
    BSS         1
    Persistent  0
    Stack       0

Auto Spaces:
    Space          Size  Autos    Used
    COMMON           14     14      14
    BANK0            80     13      14
    BANK1            80      0       0
    BANK2            80      0       0
    BANK3            80      0       0
    BANK4            48      0       0

Pointer List with Targets:

    None.

Critical Paths under _main in COMMON

    _adimMotorDerece->___lldiv

Critical Paths under _main in BANK0

    _main->_adimMotorDerece

Critical Paths under _main in BANK1

    None.

Critical Paths under _main in BANK2

    None.

Critical Paths under _main in BANK3

    None.

Critical Paths under _main in BANK4

    None.

Call Graph Tables:

 ---------------------------------------------------------------------------------
 (Depth) Function   	        Calls       Base Space   Used Autos Params    Refs
 ---------------------------------------------------------------------------------
 (0) _main                                                 2     2      0    1857
                                             11 BANK0      2     2      0
                  _SYSTEM_Initialize
                          _adimMotor
                    _adimMotorDerece
 ---------------------------------------------------------------------------------
 (1) _adimMotorDerece                                     11     6      5    1266
                                              0 BANK0     11     6      5
                            ___lldiv
                          _adimMotor
 ---------------------------------------------------------------------------------
 (2) _adimMotor                                           10     5      5     591
                                              0 COMMON    10     5      5
 ---------------------------------------------------------------------------------
 (2) ___lldiv                                             14     6      8     268
                                              0 COMMON    14     6      8
 ---------------------------------------------------------------------------------
 (1) _SYSTEM_Initialize                                    0     0      0       0
              _OSCILLATOR_Initialize
             _PIN_MANAGER_Initialize
                     _WDT_Initialize
 ---------------------------------------------------------------------------------
 (2) _WDT_Initialize                                       0     0      0       0
 ---------------------------------------------------------------------------------
 (2) _PIN_MANAGER_Initialize                               0     0      0       0
 ---------------------------------------------------------------------------------
 (2) _OSCILLATOR_Initialize                                0     0      0       0
 ---------------------------------------------------------------------------------
 Estimated maximum stack depth 2
 ---------------------------------------------------------------------------------

 Call Graph Graphs:

 _main (ROOT)
   _SYSTEM_Initialize
     _OSCILLATOR_Initialize
     _PIN_MANAGER_Initialize
     _WDT_Initialize
   _adimMotor
   _adimMotorDerece
     ___lldiv
     _adimMotor

 Address spaces:
Name               Size   Autos  Total    Cost      Usage
BIGRAM             170      0       0       0        0.0%
EEDATA             100      0       0       0        0.0%
NULL                 0      0       0       0        0.0%
CODE                 0      0       0       0        0.0%
BITCOMMON            E      0       0       1        0.0%
BITSFR0              0      0       0       1        0.0%
SFR0                 0      0       0       1        0.0%
COMMON               E      E       E       2      100.0%
BITSFR1              0      0       0       2        0.0%
SFR1                 0      0       0       2        0.0%
BITSFR2              0      0       0       3        0.0%
SFR2                 0      0       0       3        0.0%
STACK                0      0       0       3        0.0%
BITSFR3              0      0       0       4        0.0%
SFR3                 0      0       0       4        0.0%
ABS                  0      0      1C       4        0.0%
BITBANK0            50      0       0       5        0.0%
BITSFR4              0      0       0       5        0.0%
SFR4                 0      0       0       5        0.0%
BANK0               50      D       E       6       17.5%
BITSFR5              0      0       0       6        0.0%
SFR5                 0      0       0       6        0.0%
BITBANK1            50      0       0       7        0.0%
BITSFR6              0      0       0       7        0.0%
SFR6                 0      0       0       7        0.0%
BANK1               50      0       0       8        0.0%
BITSFR7              0      0       0       8        0.0%
SFR7                 0      0       0       8        0.0%
BITBANK2            50      0       0       9        0.0%
BITSFR8              0      0       0       9        0.0%
SFR8                 0      0       0       9        0.0%
BANK2               50      0       0      10        0.0%
BITSFR9              0      0       0      10        0.0%
SFR9                 0      0       0      10        0.0%
BITBANK3            50      0       0      11        0.0%
BITSFR10             0      0       0      11        0.0%
SFR10                0      0       0      11        0.0%
BANK3               50      0       0      12        0.0%
BITSFR11             0      0       0      12        0.0%
SFR11                0      0       0      12        0.0%
BITBANK4            30      0       0      13        0.0%
BITSFR12             0      0       0      13        0.0%
SFR12                0      0       0      13        0.0%
BANK4               30      0       0      14        0.0%
BITSFR13             0      0       0      14        0.0%
SFR13                0      0       0      14        0.0%
BITSFR14             0      0       0      15        0.0%
SFR14                0      0       0      15        0.0%
DATA                 0      0      1C      15        0.0%
BITSFR15             0      0       0      16        0.0%
SFR15                0      0       0      16        0.0%
BITSFR16             0      0       0      17        0.0%
SFR16                0      0       0      17        0.0%
BITSFR17             0      0       0      18        0.0%
SFR17                0      0       0      18        0.0%
BITSFR18             0      0       0      19        0.0%
SFR18                0      0       0      19        0.0%
BITSFR19             0      0       0      20        0.0%
SFR19                0      0       0      20        0.0%
BITSFR20             0      0       0      21        0.0%
SFR20                0      0       0      21        0.0%
BITSFR21             0      0       0      22        0.0%
SFR21                0      0       0      22        0.0%
BITSFR22             0      0       0      23        0.0%
SFR22                0      0       0      23        0.0%
BITSFR23             0      0       0      24        0.0%
SFR23                0      0       0      24        0.0%
BITSFR24             0      0       0      25        0.0%
SFR24                0      0       0      25        0.0%
BITSFR25             0      0       0      26        0.0%
SFR25                0      0       0      26        0.0%
BITSFR26             0      0       0      27        0.0%
SFR26                0      0       0      27        0.0%
BITSFR27             0      0       0      28        0.0%
SFR27                0      0       0      28        0.0%
BITSFR28             0      0       0      29        0.0%
SFR28                0      0       0      29        0.0%
BITSFR29             0      0       0      30        0.0%
SFR29                0      0       0      30        0.0%
BITSFR30             0      0       0      31        0.0%
SFR30                0      0       0      31        0.0%
BITSFR31             0      0       0      32        0.0%
SFR31                0      0       0      32        0.0%


Microchip Technology PIC Macro Assembler V1.44 build -154322312 
Symbol Table                                                                                   Sun Dec 17 19:11:19 2017

                              pc 0002                ??_adimMotorDerece 0025                      __CFG_CP$OFF 0000  
                             l48 0683                               l92 07B0                               l85 078F  
                             l94 07B4                               l95 07B7                               l96 07BC  
                             l97 07C0                               l98 07C6                               l99 07CB  
                            S772 0004                              l100 07CE                              l101 07E1  
                            l702 07F6                              l714 06EC                              l724 071A  
                            l716 06FA                              l728 0725                              l744 0757  
                            l690 07A5                              l696 07D4                              l698 07DF  
                            u215 06EF                              u235 06FB                              u307 0777  
                            u245 070F                              u317 07EC                              u255 071B  
                            u185 07E7                     __CFG_CPD$OFF 0000                              u195 0795  
                            u275 06B7                              u287 0743                              u297 075D  
                   __CFG_BORV$LO 0000                              wreg 0009                     __CFG_IESO$ON 0000  
                   __CFG_FOSC$HS 0000                     __CFG_LVP$OFF 0000                             _LATA 010C  
                           _LATB 010D                             _PLLR 04D6                             _WPUA 020C  
                           _WPUB 020D                     __CFG_WRT$OFF 0000                    __CFG_FCMEN$ON 0000  
                           _adim 002D                             _main 072E                             fsr0l 0004  
                           btemp 007E                    __CFG_BOREN$ON 0000                             start 0002  
                  __CFG_MCLRE$ON 0000   adimMotorDerece@adimSayisiSonuc 0029                    __CFG_PLLEN$ON 0000  
 __size_of_OSCILLATOR_Initialize 0007    __end_of_OSCILLATOR_Initialize 0686                            ?_main 0070  
                  __CFG_WDTE$OFF 0000                  __end_of___lldiv 072E                            _LATB0 0868  
                          _LATB1 0869                            _LATB2 086A                            _LATB3 086B  
                          _TRISA 008C                            _TRISB 008D                   _WDT_Initialize 067B  
                          status 0003                            wtemp0 007E                  __initialization 07FB  
                   __end_of_main 078D                           ??_main 002B           __end_of_WDT_Initialize 067F  
                         _ANSELA 018C                           _ANSELB 018D                           _OSCCON 0099  
                         _WDTCON 0097                   __CFG_PWRTE$OFF 0000                   __CFG_STVREN$ON 0000  
                      ??___lldiv 0078                  ?_WDT_Initialize 0070                _SYSTEM_Initialize 0686  
        __end_of__initialization 07FD              adimMotor@adimSayisi 0070                  _adimMotorDerece 06A7  
             ?_SYSTEM_Initialize 0070          adimMotorDerece@adimHizi 0023          adimMotorDerece@adimYonu 0022  
             __size_of_adimMotor 006E                   __pcstackCOMMON 0070              ??_SYSTEM_Initialize 0070  
                 _OPTION_REGbits 0095        __end_of_SYSTEM_Initialize 068F                adimMotor@adimHizi 0073  
                     __pbssBANK0 002D                adimMotor@adimYonu 0072                       __pmaintext 072E  
                        _APFCON0 011D                          _APFCON1 011E                       adimMotor@i 0076  
                     adimMotor@j 0078                __end_of_adimMotor 07FB                          _OSCTUNE 0098  
        __end_of_adimMotorDerece 06DC                          ___lldiv 06DC                          __ptext1 06A7  
                        __ptext2 078D                          __ptext3 06DC                          __ptext4 0686  
                        __ptext5 067B                          __ptext6 068F                          __ptext7 067F  
          _OSCILLATOR_Initialize 067F         ??_PIN_MANAGER_Initialize 0070       __size_of_SYSTEM_Initialize 0009  
           end_of_initialization 07FD                  ___lldiv@divisor 0070                  ___lldiv@counter 007D  
               ??_WDT_Initialize 0070                 ?_adimMotorDerece 0020           ?_OSCILLATOR_Initialize 0070  
            start_initialization 07FB  __size_of_PIN_MANAGER_Initialize 0018        adimMotorDerece@adimDerece 0020  
                      ___latbits 0001                    __pcstackBANK0 0020                        _adimMotor 078D  
         _PIN_MANAGER_Initialize 068F                         ?___lldiv 0070                        __pswtext1 0004  
                     ?_adimMotor 0070          ??_OSCILLATOR_Initialize 0070                 __size_of___lldiv 0052  
                    ??_adimMotor 0075                    __size_of_main 005F         __size_of_adimMotorDerece 0035  
        __size_of_WDT_Initialize 0004                 ___lldiv@dividend 0074          ?_PIN_MANAGER_Initialize 0070  
              __CFG_CLKOUTEN$OFF 0000                 ___lldiv@quotient 0079   __end_of_PIN_MANAGER_Initialize 06A7  
